Array
(
    [0] => Array
        (
            [name] => Sudeep Kumar Das                                            
            [programName] => Leadership skills development Programm
            [year] => 2024
            [duration] => 01 Day
            [faculty] => hello
            [hostelBook] => No
            [email] => SUDEEPK.DAS@NSPCL.CO.IN                 
        )

)
Array
(
    [0] => Array
        (
            [name] => Sudeep Kumar Das                                            
            [programName] => Leadership skills development Programm
            [year] => 2024
            [duration] => 01 Day
            [faculty] => hello
            [hostelBook] => No
            [email] => SUDEEPK.DAS@NSPCL.CO.IN                 
        )

)
Array
(
    [0] => Array
        (
            [name] => Sudeep Kumar Das                                            
            [programName] => Leadership skills development Programm
            [year] => 2024
            [duration] => 01 Day
            [faculty] => hello
            [hostelBook] => No
            [email] => SUDEEPK.DAS@NSPCL.CO.IN                 
        )

)
Array
(
    [0] => Array
        (
            [name] => Suravee Tripathy                                            
            [programName] => Behaviour based safety
            [year] => 2023
            [duration] => 01 Day
            [faculty] => hello
            [hostelBook] => No
            [email] => SURAVEE.TRIPATHY@NSPCL.CO.IN            
        )

)
